--------------------------------------------------------------------------------
Translator Name    : Spatial InterOp Connect ( Version : 22 0 2)
System Name        : Windows_NT
Machine Name       : ELITEBOOK
User Name          : dn
Source System      : PARASOLID
Destination System : ACIS
Input File         : C:\Users\dn\AppData\Local\Temp\\TempIOP.x_t
Output File        : C:\Users\dn\AppData\Local\Temp\\temp.asab
Start Time         : Sun Aug 04 23:06:17 2013

--------------------------------------------------------------------------------
Message : === Translation Options ===
Message : TranslateWireAsClassIIIWires : true
Message : TranslateAttributes : true
Message : TranslateFreeCurves : true
Message : Representation : BREP
Message : Flatten : false
Message : ===========================
-------------------------Source File Header Information-------------------------
Modification Date        : 08/04/13 21:06:17
File Name                : C:\Users\dn\AppData\Local\Temp\\TempIOP.x_t
Version                  : 18 0 0
Document Type            : Part
--------------------------------------------------------------------------------
--------------------------------------------------------------------------------
Source Document Preprocessing Result : Success
--------------------------------------------------------------------------------
--------------------------------------------------------------------------------
Target Document Preprocessing Result : Success
--------------------------------------------------------------------------------
--------------------------------------------------------------------------------
Start BRep
--------------------------------------------------------------------------------
--------------------------------------------------------------------------------
BRep Source Representation Preprocessing Result : Success
--------------------------------------------------------------------------------
--------------------------------------------------------------------------------
BRep Source Representation Postprocessing Result : Success
--------------------------------------------------------------------------------
--------------------------------------------------------------------------------
BRep Target Representation Postprocessing Result : Success
--------------------------------------------------------------------------------
--------------------------------------------------------------------------------
End BRep
------------------------Representation Conversion Summary-----------------------
No. of Acorn Bodies                       :    0
No. of Mixed Bodies                       :    0
No. of Solid Bodies                       :    1
No. of Wire Bodies                        :    0
No. of Free Surfaces                      :    0
No. of Free Curves                        :    0
No. of Sheet Bodies                       :    0
No. of Free Points                        :    0
--------------------------------------------------------------------------------
BRep Conversion Result : Success
--------------------------------------------------------------------------------
--------------------------------------------------------------------------------
Start DocumentFeature
--------------------------------------------------------------------------------
--------------------------------------------------------------------------------
DocumentFeature Source Representation Preprocessing Result : No Entity to Translate
--------------------------------------------------------------------------------
--------------------------------------------------------------------------------
DocumentFeature Source Representation Postprocessing Result : Success
--------------------------------------------------------------------------------
--------------------------------------------------------------------------------
DocumentFeature Target Representation Postprocessing Result : Success
--------------------------------------------------------------------------------
--------------------------------------------------------------------------------
End DocumentFeature
------------------------Representation Conversion Summary-----------------------
No. of Selection Sets                     :    0
No. of Working Coordinate Systems         :    0
No. of Associative Groups                 :    0
No. of Layer Filters                      :    0
--------------------------------------------------------------------------------
DocumentFeature Conversion Result : No Entity to Translate
--------------------------------------------------------------------------------
--------------------------------------------------------------------------------
Target Document Postprocessing Result : Success
--------------------------------------------------------------------------------
--------------------------------------------------------------------------------
Target Document Postprocessing Result : Success
--------------------------------------------------------------------------------
--------------------------------------------------------------------------------
---------------------------Document Conversion Summary--------------------------
No. of Items of BRep Representation            :    1
No. of Items of DocumentFeature Representation :    0
--------------------------------------------------------------------------------
Warning : Output ACIS file extension has been replaced from "asab" to "sab" according to the contents of the saving ACIS document
Message : Setting save mode for ACIS file based on the file extension
Output File "C:\Users\dn\AppData\Local\Temp\\temp.asab" is Successfully Written
--------------------------------------------------------------------------------
Finish Time : Sun Aug 04 23:06:17 2013

--------------------------------------------------------------------------------
Translation Result : Success
--------------------------------------------------------------------------------
--------------------------------------------------------------------------------
--------------------------------------------------------------------------------
Translator Name    : Spatial InterOp Connect ( Version : 22 0 2)
System Name        : Windows_NT
Machine Name       : ELITEBOOK
User Name          : dn
Source System      : ACIS
Destination System : STEP
Input File         : C:\Users\dn\AppData\Local\Temp\\temp.sab
Output File        : C:\Users\dn\Downloads\OpenRC Truggy Update 2013-08-04\Bumper.B.1.stp
Start Time         : Sun Aug 04 23:06:17 2013

--------------------------------------------------------------------------------
Message : === Translation Options ===
Message : TranslateWireAsClassIIIWires : true
Message : TranslateAttributes : true
Message : TranslateFreeCurves : true
Message : ===========================
-------------------------Source File Header Information-------------------------
Modification Date        : 04 Aug 2013
File Name                : C:\Users\dn\AppData\Local\Temp\\temp.sab
Organization             : SPATIAL - INTEROP Version - 22.0.2
Version                  : 2200
Units                    : MILLIMETER
Tolerance                : 0.000001
Document Type            : Part
--------------------------------------------------------------------------------
--------------------------------------------------------------------------------
Source Document Preprocessing Result : Success
--------------------------------------------------------------------------------
--------------------------------------------------------------------------------
Target Document Preprocessing Result : Success
--------------------------------------------------------------------------------
--------------------------------------------------------------------------------
Start BRep
--------------------------------------------------------------------------------
--------------------------------------------------------------------------------
BRep Source Representation Preprocessing Result : Success
--------------------------------------------------------------------------------
--------------------------------------------------------------------------------
BRep Source Representation Postprocessing Result : Success
--------------------------------------------------------------------------------
--------------------------------------------------------------------------------
BRep Target Representation Postprocessing Result : Success
--------------------------------------------------------------------------------
--------------------------------------------------------------------------------
End BRep
------------------------Representation Conversion Summary-----------------------
No. of Solid Bodies                       :    1
No. of Wire Bodies                        :    0
No. of Curve Sets                         :    0
No. of Geometric Sets                     :    0
No. of Sheet Bodies                       :    0
--------------------------------------------------------------------------------
BRep Conversion Result : Success
--------------------------------------------------------------------------------
--------------------------------------------------------------------------------
Start DocumentFeature
--------------------------------------------------------------------------------
--------------------------------------------------------------------------------
DocumentFeature Source Representation Preprocessing Result : No Entity to Translate
--------------------------------------------------------------------------------
--------------------------------------------------------------------------------
DocumentFeature Source Representation Postprocessing Result : Success
--------------------------------------------------------------------------------
--------------------------------------------------------------------------------
DocumentFeature Target Representation Postprocessing Result : Success
--------------------------------------------------------------------------------
--------------------------------------------------------------------------------
End DocumentFeature
------------------------Representation Conversion Summary-----------------------
No. of Selection Sets                     :    0
--------------------------------------------------------------------------------
DocumentFeature Conversion Result : No Entity to Translate
--------------------------------------------------------------------------------
--------------------------------------------------------------------------------
Target Document Postprocessing Result : Success
--------------------------------------------------------------------------------
--------------------------------------------------------------------------------
Target Document Postprocessing Result : Success
--------------------------------------------------------------------------------
--------------------------------------------------------------------------------
---------------------------Document Conversion Summary--------------------------
No. of Items of DocumentFeature Representation :    0
No. of Items of BRep Representation            :    1
--------------------------------------------------------------------------------
Warning : Writing color attributes requested. Hence switching to STEP AP214

Output File "C:\Users\dn\Downloads\OpenRC Truggy Update 2013-08-04\Bumper.B.1.stp" is Successfully Written
--------------------------------------------------------------------------------
Finish Time : Sun Aug 04 23:06:17 2013

--------------------------------------------------------------------------------
Translation Result : Success
--------------------------------------------------------------------------------
--------------------------------------------------------------------------------
